** Drc report for RJ11-ICSP-Breakout.kicad_pcb **
** Created on 2026-07-19T19:29:50 **
** Report includes: Errors, Warnings, Exclusions **

** Found 15 DRC violations **
[clearance]: Clearance violation ( clearance 0.2000 mm; actual 0.1778 mm)
    Local override; error
    @(8.8900 mm, -5.0800 mm): PTH pad 2 [5V] of J5
    @(10.1600 mm, -3.8100 mm): Track [5] on B.Cu, length 5.0800 mm
[clearance]: Clearance violation ( clearance 0.2000 mm; actual 0.1778 mm)
    Local override; error
    @(12.7000 mm, -3.8100 mm): Track [4] on B.Cu, length 5.0800 mm
    @(11.4300 mm, -5.0800 mm): PTH pad 4 [6] of J5
[clearance]: Clearance violation ( clearance 0.2000 mm; actual 0.1926 mm)
    Local override; error
    @(13.9800 mm, -11.4400 mm): Track [6] on B.Cu, length 5.7050 mm
    @(12.9600 mm, -14.6050 mm): PTH pad 5 [5] of U$7
[text_thickness]: Text thickness out of range (board setup constraints silk text thickness min thickness 0.0800 mm; actual 0.0488 mm)
    Rule: board setup constraints silk text thickness; warning
    @(8.8900 mm, -6.6675 mm): Footprint text of J5 (+V)
[text_height]: Text height out of range (board setup constraints silk text height min height 0.8000 mm; actual 0.5608 mm)
    Rule: board setup constraints silk text height; warning
    @(8.8900 mm, -6.6675 mm): Footprint text of J5 (+V)
[text_thickness]: Text thickness out of range (board setup constraints silk text thickness min thickness 0.0800 mm; actual 0.0488 mm)
    Rule: board setup constraints silk text thickness; warning
    @(8.8900 mm, -0.9525 mm): Footprint text of J5 (MISO)
[text_height]: Text height out of range (board setup constraints silk text height min height 0.8000 mm; actual 0.5608 mm)
    Rule: board setup constraints silk text height; warning
    @(8.8900 mm, -0.9525 mm): Footprint text of J5 (MISO)
[text_thickness]: Text thickness out of range (board setup constraints silk text thickness min thickness 0.0800 mm; actual 0.0488 mm)
    Rule: board setup constraints silk text thickness; warning
    @(11.4300 mm, -6.6675 mm): Footprint text of J5 (MOSI)
[text_height]: Text height out of range (board setup constraints silk text height min height 0.8000 mm; actual 0.5608 mm)
    Rule: board setup constraints silk text height; warning
    @(11.4300 mm, -6.6675 mm): Footprint text of J5 (MOSI)
[text_thickness]: Text thickness out of range (board setup constraints silk text thickness min thickness 0.0800 mm; actual 0.0488 mm)
    Rule: board setup constraints silk text thickness; warning
    @(11.4300 mm, -0.9525 mm): Footprint text of J5 (SCK)
[text_height]: Text height out of range (board setup constraints silk text height min height 0.8000 mm; actual 0.5608 mm)
    Rule: board setup constraints silk text height; warning
    @(11.4300 mm, -0.9525 mm): Footprint text of J5 (SCK)
[text_thickness]: Text thickness out of range (board setup constraints silk text thickness min thickness 0.0800 mm; actual 0.0488 mm)
    Rule: board setup constraints silk text thickness; warning
    @(13.9700 mm, -6.6675 mm): Footprint text of J5 (GND)
[text_height]: Text height out of range (board setup constraints silk text height min height 0.8000 mm; actual 0.5608 mm)
    Rule: board setup constraints silk text height; warning
    @(13.9700 mm, -6.6675 mm): Footprint text of J5 (GND)
[text_thickness]: Text thickness out of range (board setup constraints silk text thickness min thickness 0.0800 mm; actual 0.0488 mm)
    Rule: board setup constraints silk text thickness; warning
    @(13.9700 mm, -0.9525 mm): Footprint text of J5 (RST)
[text_height]: Text height out of range (board setup constraints silk text height min height 0.8000 mm; actual 0.5608 mm)
    Rule: board setup constraints silk text height; warning
    @(13.9700 mm, -0.9525 mm): Footprint text of J5 (RST)

** Found 1 unconnected pads **
[unconnected_items]: Missing connection between items
    Local override; error
    @(9.9000 mm, -17.1450 mm): PTH pad 2 [GND] of U$7
    @(13.9700 mm, -5.0800 mm): PTH pad 6 [GND] of J5

** Found 0 Footprint errors **

** Ignored checks **
    - Footprint has no courtyard defined
    - Track endpoint not centered on via
    - Tuning profile track geometries
    - Footprint doesn't match symbol's footprint filters
    - Footprint component type doesn't match footprint pads

** End of Report **
