** Drc report for HBridge84.kicad_pcb **
** Created on 2026-07-19T19:27:29 **
** Report includes: Errors, Warnings, Exclusions **

** Found 171 DRC violations **
[clearance]: Clearance violation ( clearance 0.2000 mm; actual 0.1926 mm)
    Local override; error
    @(22.8500 mm, -25.0825 mm): Track [RST] on B.Cu, length 5.3875 mm
    @(23.8700 mm, -27.6225 mm): PTH pad 2 [GND] of U$7
[clearance]: Clearance violation ( clearance 0.2000 mm; actual 0.1778 mm)
    Local override; error
    @(25.4000 mm, -6.3500 mm): PTH pad 6 [GND] of J5
    @(24.1300 mm, -5.0800 mm): Track [4] on B.Cu, length 4.4450 mm
[clearance]: Clearance violation ( clearance 0.2000 mm; actual 0.1778 mm)
    Local override; error
    @(31.7500 mm, -8.8900 mm): Track [4] on B.Cu, length 2.0638 mm
    @(33.0200 mm, -7.6200 mm): PTH pad 3 [5] of J3
[clearance]: Clearance violation ( clearance 0.2000 mm; actual 0.1826 mm)
    Local override; error
    @(27.9400 mm, -20.3200 mm): Track [6] on B.Cu, length 7.2925 mm
    @(26.9300 mm, -25.0825 mm): PTH pad 5 [5] of U$7
[clearance]: Clearance violation ( clearance 0.2000 mm; actual 0.1778 mm)
    Local override; error
    @(27.9400 mm, -8.8900 mm): Track [5] on F.Cu, length 3.8100 mm
    @(30.4800 mm, -7.6200 mm): PTH pad 3 [6] of J4
[clearance]: Clearance violation ( clearance 0.2000 mm; actual 0.1778 mm)
    Local override; error
    @(21.5900 mm, -6.9850 mm): Track [5] on F.Cu, length 1.9050 mm
    @(20.3200 mm, -6.3500 mm): PTH pad 2 [5V] of J5
[silk_overlap]: Silkscreen clearance
    Rule: board setup constraints silk; warning
    @(34.2900 mm, -6.9850 mm): Segment of J2 on F.Silkscreen
    @(33.6550 mm, -8.8900 mm): Segment of J3 on F.Silkscreen
[silk_overlap]: Silkscreen clearance
    Rule: board setup constraints silk; warning
    @(34.2900 mm, -8.2550 mm): Segment of J2 on F.Silkscreen
    @(33.6550 mm, -8.8900 mm): Segment of J3 on F.Silkscreen
[silk_overlap]: Silkscreen clearance
    Rule: board setup constraints silk; warning
    @(31.1150 mm, -8.8900 mm): Segment of J4 on F.Silkscreen
    @(31.7500 mm, -8.2550 mm): Segment of J3 on F.Silkscreen
[silk_overlap]: Silkscreen clearance
    Rule: board setup constraints silk; warning
    @(31.7500 mm, -8.2550 mm): Segment of J3 on F.Silkscreen
    @(31.7500 mm, -8.2550 mm): Segment of J4 on F.Silkscreen
[silk_overlap]: Silkscreen clearance
    Rule: board setup constraints silk; warning
    @(31.7500 mm, -6.9850 mm): Segment of J3 on F.Silkscreen
    @(31.1150 mm, -8.8900 mm): Segment of J4 on F.Silkscreen
[silk_overlap]: Silkscreen clearance
    Rule: board setup constraints silk; warning
    @(31.7500 mm, -6.9850 mm): Segment of J3 on F.Silkscreen
    @(31.7500 mm, -8.2550 mm): Segment of J4 on F.Silkscreen
[silk_overlap]: Silkscreen clearance
    Rule: board setup constraints silk; warning
    @(31.7500 mm, -6.9850 mm): Segment of J3 on F.Silkscreen
    @(31.7500 mm, -6.9850 mm): Segment of J4 on F.Silkscreen
[silk_overlap]: Silkscreen clearance
    Rule: board setup constraints silk; warning
    @(32.3850 mm, -6.3500 mm): Segment of J3 on F.Silkscreen
    @(31.7500 mm, -8.2550 mm): Segment of J4 on F.Silkscreen
[silk_overlap]: Silkscreen clearance
    Rule: board setup constraints silk; warning
    @(32.3850 mm, -6.3500 mm): Segment of J3 on F.Silkscreen
    @(31.7500 mm, -6.9850 mm): Segment of J4 on F.Silkscreen
[silk_overlap]: Silkscreen clearance
    Rule: board setup constraints silk; warning
    @(34.2900 mm, -6.9850 mm): Segment of J2 on F.Silkscreen
    @(34.2900 mm, -8.2550 mm): Segment of J3 on F.Silkscreen
[silk_overlap]: Silkscreen clearance
    Rule: board setup constraints silk; warning
    @(34.2900 mm, -8.2550 mm): Segment of J2 on F.Silkscreen
    @(34.2900 mm, -8.2550 mm): Segment of J3 on F.Silkscreen
[silk_overlap]: Silkscreen clearance
    Rule: board setup constraints silk; warning
    @(34.2900 mm, -8.2550 mm): Segment of J3 on F.Silkscreen
    @(34.9250 mm, -6.3500 mm): Segment of J2 on F.Silkscreen
[silk_overlap]: Silkscreen clearance
    Rule: board setup constraints silk; warning
    @(34.2900 mm, -6.9850 mm): Segment of J2 on F.Silkscreen
    @(34.2900 mm, -6.9850 mm): Segment of J3 on F.Silkscreen
[silk_overlap]: Silkscreen clearance
    Rule: board setup constraints silk; warning
    @(36.8300 mm, -8.2550 mm): Segment of J1 on F.Silkscreen
    @(36.8300 mm, -8.2550 mm): Segment of J2 on F.Silkscreen
[silk_overlap]: Silkscreen clearance
    Rule: board setup constraints silk; warning
    @(36.1950 mm, -8.8900 mm): Segment of J2 on F.Silkscreen
    @(36.8300 mm, -8.2550 mm): Segment of J1 on F.Silkscreen
[silk_overlap]: Silkscreen clearance
    Rule: board setup constraints silk; warning
    @(36.8300 mm, -6.9850 mm): Segment of J1 on F.Silkscreen
    @(36.8300 mm, -8.2550 mm): Segment of J2 on F.Silkscreen
[silk_overlap]: Silkscreen clearance
    Rule: board setup constraints silk; warning
    @(36.1950 mm, -8.8900 mm): Segment of J2 on F.Silkscreen
    @(36.8300 mm, -6.9850 mm): Segment of J1 on F.Silkscreen
[silk_overlap]: Silkscreen clearance
    Rule: board setup constraints silk; warning
    @(36.8300 mm, -6.9850 mm): Segment of J1 on F.Silkscreen
    @(36.8300 mm, -6.9850 mm): Segment of J2 on F.Silkscreen
[silk_overlap]: Silkscreen clearance
    Rule: board setup constraints silk; warning
    @(36.8300 mm, -5.7150 mm): Segment of J1 on F.Silkscreen
    @(36.1950 mm, -6.3500 mm): Segment of J2 on F.Silkscreen
[silk_overlap]: Silkscreen clearance
    Rule: board setup constraints silk; warning
    @(36.8300 mm, -5.7150 mm): Segment of J1 on F.Silkscreen
    @(36.8300 mm, -5.7150 mm): Segment of J2 on F.Silkscreen
[silk_overlap]: Silkscreen clearance
    Rule: board setup constraints silk; warning
    @(39.3700 mm, -5.7150 mm): Segment of J0 on F.Silkscreen
    @(38.7350 mm, -6.3500 mm): Segment of J1 on F.Silkscreen
[silk_overlap]: Silkscreen clearance
    Rule: board setup constraints silk; warning
    @(39.3700 mm, -4.4450 mm): Segment of J0 on F.Silkscreen
    @(38.7350 mm, -6.3500 mm): Segment of J1 on F.Silkscreen
[silk_overlap]: Silkscreen clearance
    Rule: board setup constraints silk; warning
    @(37.4650 mm, -6.3500 mm): Segment of J1 on F.Silkscreen
    @(36.8300 mm, -8.2550 mm): Segment of J2 on F.Silkscreen
[silk_overlap]: Silkscreen clearance
    Rule: board setup constraints silk; warning
    @(39.3700 mm, -5.7150 mm): Segment of J0 on F.Silkscreen
    @(39.3700 mm, -5.7150 mm): Segment of J1 on F.Silkscreen
[silk_overlap]: Silkscreen clearance
    Rule: board setup constraints silk; warning
    @(38.7350 mm, -8.8900 mm): Segment of J1 on F.Silkscreen
    @(39.3700 mm, -8.2550 mm): Segment of J0 on F.Silkscreen
[silk_overlap]: Silkscreen clearance
    Rule: board setup constraints silk; warning
    @(38.7350 mm, -8.8900 mm): Segment of J1 on F.Silkscreen
    @(39.3700 mm, -6.9850 mm): Segment of J0 on F.Silkscreen
[silk_overlap]: Silkscreen clearance
    Rule: board setup constraints silk; warning
    @(39.3700 mm, -8.2550 mm): Segment of J1 on F.Silkscreen
    @(39.3700 mm, -8.2550 mm): Segment of J0 on F.Silkscreen
[silk_overlap]: Silkscreen clearance
    Rule: board setup constraints silk; warning
    @(39.3700 mm, -8.2550 mm): Segment of J1 on F.Silkscreen
    @(39.3700 mm, -6.9850 mm): Segment of J0 on F.Silkscreen
[silk_overlap]: Silkscreen clearance
    Rule: board setup constraints silk; warning
    @(39.3700 mm, -8.2550 mm): Segment of J1 on F.Silkscreen
    @(40.0050 mm, -6.3500 mm): Segment of J0 on F.Silkscreen
[silk_overlap]: Silkscreen clearance
    Rule: board setup constraints silk; warning
    @(39.3700 mm, -6.9850 mm): Segment of J1 on F.Silkscreen
    @(39.3700 mm, -6.9850 mm): Segment of J0 on F.Silkscreen
[silk_overlap]: Silkscreen clearance
    Rule: board setup constraints silk; warning
    @(31.7500 mm, -3.1750 mm): Segment of J4 on F.Silkscreen
    @(31.7500 mm, -3.1750 mm): Segment of J3 on F.Silkscreen
[silk_overlap]: Silkscreen clearance
    Rule: board setup constraints silk; warning
    @(31.7500 mm, -3.1750 mm): Segment of J3 on F.Silkscreen
    @(31.1150 mm, -3.8100 mm): Segment of J4 on F.Silkscreen
[silk_overlap]: Silkscreen clearance
    Rule: board setup constraints silk; warning
    @(32.3850 mm, -3.8100 mm): Segment of J3 on F.Silkscreen
    @(31.7500 mm, -5.7150 mm): Segment of J4 on F.Silkscreen
[silk_overlap]: Silkscreen clearance
    Rule: board setup constraints silk; warning
    @(32.3850 mm, -3.8100 mm): Segment of J3 on F.Silkscreen
    @(31.7500 mm, -4.4450 mm): Segment of J4 on F.Silkscreen
[silk_overlap]: Silkscreen clearance
    Rule: board setup constraints silk; warning
    @(33.6550 mm, -3.8100 mm): Segment of J3 on F.Silkscreen
    @(34.2900 mm, -3.1750 mm): Segment of J2 on F.Silkscreen
[silk_overlap]: Silkscreen clearance
    Rule: board setup constraints silk; warning
    @(34.2900 mm, -1.9050 mm): Segment of J2 on F.Silkscreen
    @(33.6550 mm, -3.8100 mm): Segment of J3 on F.Silkscreen
[silk_overlap]: Silkscreen clearance
    Rule: board setup constraints silk; warning
    @(34.9250 mm, -3.8100 mm): Segment of J2 on F.Silkscreen
    @(34.2900 mm, -4.4450 mm): Segment of J3 on F.Silkscreen
[silk_overlap]: Silkscreen clearance
    Rule: board setup constraints silk; warning
    @(34.2900 mm, -4.4450 mm): Segment of J2 on F.Silkscreen
    @(34.2900 mm, -4.4450 mm): Segment of J3 on F.Silkscreen
[silk_overlap]: Silkscreen clearance
    Rule: board setup constraints silk; warning
    @(34.2900 mm, -3.1750 mm): Segment of J3 on F.Silkscreen
    @(34.2900 mm, -3.1750 mm): Segment of J2 on F.Silkscreen
[silk_overlap]: Silkscreen clearance
    Rule: board setup constraints silk; warning
    @(34.2900 mm, -5.7150 mm): Segment of J3 on F.Silkscreen
    @(34.9250 mm, -3.8100 mm): Segment of J2 on F.Silkscreen
[silk_overlap]: Silkscreen clearance
    Rule: board setup constraints silk; warning
    @(31.1150 mm, -6.3500 mm): Segment of J4 on F.Silkscreen
    @(31.7500 mm, -5.7150 mm): Segment of J3 on F.Silkscreen
[silk_overlap]: Silkscreen clearance
    Rule: board setup constraints silk; warning
    @(31.7500 mm, -5.7150 mm): Segment of J3 on F.Silkscreen
    @(31.7500 mm, -5.7150 mm): Segment of J4 on F.Silkscreen
[silk_overlap]: Silkscreen clearance
    Rule: board setup constraints silk; warning
    @(31.1150 mm, -6.3500 mm): Segment of J4 on F.Silkscreen
    @(31.7500 mm, -4.4450 mm): Segment of J3 on F.Silkscreen
[silk_overlap]: Silkscreen clearance
    Rule: board setup constraints silk; warning
    @(31.7500 mm, -4.4450 mm): Segment of J3 on F.Silkscreen
    @(31.7500 mm, -5.7150 mm): Segment of J4 on F.Silkscreen
[silk_overlap]: Silkscreen clearance
    Rule: board setup constraints silk; warning
    @(31.7500 mm, -4.4450 mm): Segment of J3 on F.Silkscreen
    @(31.7500 mm, -4.4450 mm): Segment of J4 on F.Silkscreen
[silk_overlap]: Silkscreen clearance
    Rule: board setup constraints silk; warning
    @(34.2900 mm, -5.7150 mm): Segment of J2 on F.Silkscreen
    @(33.6550 mm, -6.3500 mm): Segment of J3 on F.Silkscreen
[silk_overlap]: Silkscreen clearance
    Rule: board setup constraints silk; warning
    @(34.2900 mm, -4.4450 mm): Segment of J2 on F.Silkscreen
    @(33.6550 mm, -6.3500 mm): Segment of J3 on F.Silkscreen
[silk_overlap]: Silkscreen clearance
    Rule: board setup constraints silk; warning
    @(34.9250 mm, -6.3500 mm): Segment of J2 on F.Silkscreen
    @(34.2900 mm, -6.9850 mm): Segment of J3 on F.Silkscreen
[silk_overlap]: Silkscreen clearance
    Rule: board setup constraints silk; warning
    @(34.2900 mm, -5.7150 mm): Segment of J2 on F.Silkscreen
    @(34.2900 mm, -5.7150 mm): Segment of J3 on F.Silkscreen
[silk_overlap]: Silkscreen clearance
    Rule: board setup constraints silk; warning
    @(34.2900 mm, -5.7150 mm): Segment of J3 on F.Silkscreen
    @(34.2900 mm, -4.4450 mm): Segment of J2 on F.Silkscreen
[silk_overlap]: Silkscreen clearance
    Rule: board setup constraints silk; warning
    @(34.2900 mm, -1.9050 mm): Segment of J2 on F.Silkscreen
    @(33.6550 mm, -1.2700 mm): Segment of J3 on F.Silkscreen
[silk_overlap]: Silkscreen clearance
    Rule: board setup constraints silk; warning
    @(34.2900 mm, -1.9050 mm): Segment of J2 on F.Silkscreen
    @(33.6550 mm, -1.2700 mm): Segment of J3 on F.Silkscreen
[silk_overlap]: Silkscreen clearance
    Rule: board setup constraints silk; warning
    @(34.2900 mm, -1.9050 mm): Segment of J2 on F.Silkscreen
    @(34.2900 mm, -3.1750 mm): Segment of J3 on F.Silkscreen
[silk_overlap]: Silkscreen clearance
    Rule: board setup constraints silk; warning
    @(34.2900 mm, -3.1750 mm): Segment of J3 on F.Silkscreen
    @(34.2900 mm, -1.9050 mm): Segment of J2 on F.Silkscreen
[silk_overlap]: Silkscreen clearance
    Rule: board setup constraints silk; warning
    @(37.4650 mm, -6.3500 mm): Segment of J1 on F.Silkscreen
    @(36.8300 mm, -6.9850 mm): Segment of J2 on F.Silkscreen
[silk_overlap]: Silkscreen clearance
    Rule: board setup constraints silk; warning
    @(40.0050 mm, -6.3500 mm): Segment of J0 on F.Silkscreen
    @(39.3700 mm, -6.9850 mm): Segment of J1 on F.Silkscreen
[silk_overlap]: Silkscreen clearance
    Rule: board setup constraints silk; warning
    @(39.3700 mm, -4.4450 mm): Segment of J0 on F.Silkscreen
    @(39.3700 mm, -5.7150 mm): Segment of J1 on F.Silkscreen
[silk_overlap]: Silkscreen clearance
    Rule: board setup constraints silk; warning
    @(40.0050 mm, -3.8100 mm): Segment of J0 on F.Silkscreen
    @(39.3700 mm, -5.7150 mm): Segment of J1 on F.Silkscreen
[silk_overlap]: Silkscreen clearance
    Rule: board setup constraints silk; warning
    @(39.3700 mm, -4.4450 mm): Segment of J0 on F.Silkscreen
    @(39.3700 mm, -4.4450 mm): Segment of J1 on F.Silkscreen
[silk_overlap]: Silkscreen clearance
    Rule: board setup constraints silk; warning
    @(39.3700 mm, -4.4450 mm): Segment of J1 on F.Silkscreen
    @(40.0050 mm, -3.8100 mm): Segment of J0 on F.Silkscreen
[silk_overlap]: Silkscreen clearance
    Rule: board setup constraints silk; warning
    @(36.1950 mm, -1.2700 mm): Segment of J2 on F.Silkscreen
    @(36.8300 mm, -1.9050 mm): Segment of J1 on F.Silkscreen
[silk_overlap]: Silkscreen clearance
    Rule: board setup constraints silk; warning
    @(36.8300 mm, -1.9050 mm): Segment of J1 on F.Silkscreen
    @(36.8300 mm, -3.1750 mm): Segment of J2 on F.Silkscreen
[silk_overlap]: Silkscreen clearance
    Rule: board setup constraints silk; warning
    @(36.1950 mm, -3.8100 mm): Segment of J2 on F.Silkscreen
    @(36.8300 mm, -1.9050 mm): Segment of J1 on F.Silkscreen
[silk_overlap]: Silkscreen clearance
    Rule: board setup constraints silk; warning
    @(36.8300 mm, -1.9050 mm): Segment of J1 on F.Silkscreen
    @(36.1950 mm, -1.2700 mm): Segment of J2 on F.Silkscreen
[silk_overlap]: Silkscreen clearance
    Rule: board setup constraints silk; warning
    @(36.8300 mm, -1.9050 mm): Segment of J1 on F.Silkscreen
    @(36.8300 mm, -3.1750 mm): Segment of J2 on F.Silkscreen
[silk_overlap]: Silkscreen clearance
    Rule: board setup constraints silk; warning
    @(36.8300 mm, -3.1750 mm): Segment of J1 on F.Silkscreen
    @(36.8300 mm, -3.1750 mm): Segment of J2 on F.Silkscreen
[silk_overlap]: Silkscreen clearance
    Rule: board setup constraints silk; warning
    @(36.1950 mm, -6.3500 mm): Segment of J2 on F.Silkscreen
    @(36.8300 mm, -4.4450 mm): Segment of J1 on F.Silkscreen
[silk_overlap]: Silkscreen clearance
    Rule: board setup constraints silk; warning
    @(36.8300 mm, -5.7150 mm): Segment of J2 on F.Silkscreen
    @(36.8300 mm, -4.4450 mm): Segment of J1 on F.Silkscreen
[silk_overlap]: Silkscreen clearance
    Rule: board setup constraints silk; warning
    @(36.8300 mm, -4.4450 mm): Segment of J2 on F.Silkscreen
    @(36.8300 mm, -4.4450 mm): Segment of J1 on F.Silkscreen
[silk_overlap]: Silkscreen clearance
    Rule: board setup constraints silk; warning
    @(36.1950 mm, -3.8100 mm): Segment of J2 on F.Silkscreen
    @(36.8300 mm, -3.1750 mm): Segment of J1 on F.Silkscreen
[silk_overlap]: Silkscreen clearance
    Rule: board setup constraints silk; warning
    @(36.8300 mm, -5.7150 mm): Segment of J2 on F.Silkscreen
    @(37.4650 mm, -3.8100 mm): Segment of J1 on F.Silkscreen
[silk_overlap]: Silkscreen clearance
    Rule: board setup constraints silk; warning
    @(37.4650 mm, -3.8100 mm): Segment of J1 on F.Silkscreen
    @(36.8300 mm, -4.4450 mm): Segment of J2 on F.Silkscreen
[silk_overlap]: Silkscreen clearance
    Rule: board setup constraints silk; warning
    @(31.7500 mm, -1.9050 mm): Segment of J3 on F.Silkscreen
    @(31.1150 mm, -1.2700 mm): Segment of J4 on F.Silkscreen
[silk_overlap]: Silkscreen clearance
    Rule: board setup constraints silk; warning
    @(31.7500 mm, -3.1750 mm): Segment of J4 on F.Silkscreen
    @(31.7500 mm, -1.9050 mm): Segment of J3 on F.Silkscreen
[silk_overlap]: Silkscreen clearance
    Rule: board setup constraints silk; warning
    @(31.7500 mm, -1.9050 mm): Segment of J3 on F.Silkscreen
    @(31.1150 mm, -3.8100 mm): Segment of J4 on F.Silkscreen
[silk_overlap]: Silkscreen clearance
    Rule: board setup constraints silk; warning
    @(31.7500 mm, -1.9050 mm): Segment of J3 on F.Silkscreen
    @(31.1150 mm, -1.2700 mm): Segment of J4 on F.Silkscreen
[silk_overlap]: Silkscreen clearance
    Rule: board setup constraints silk; warning
    @(31.7500 mm, -3.1750 mm): Segment of J4 on F.Silkscreen
    @(31.7500 mm, -1.9050 mm): Segment of J3 on F.Silkscreen
[silk_overlap]: Silkscreen clearance
    Rule: board setup constraints silk; warning
    @(39.3700 mm, -3.1750 mm): Segment of J0 on F.Silkscreen
    @(38.7350 mm, -3.8100 mm): Segment of J1 on F.Silkscreen
[silk_overlap]: Silkscreen clearance
    Rule: board setup constraints silk; warning
    @(39.3700 mm, -1.9050 mm): Segment of J0 on F.Silkscreen
    @(38.7350 mm, -3.8100 mm): Segment of J1 on F.Silkscreen
[silk_overlap]: Silkscreen clearance
    Rule: board setup constraints silk; warning
    @(38.7350 mm, -1.2700 mm): Segment of J1 on F.Silkscreen
    @(39.3700 mm, -1.9050 mm): Segment of J0 on F.Silkscreen
[silk_overlap]: Silkscreen clearance
    Rule: board setup constraints silk; warning
    @(38.7350 mm, -1.2700 mm): Segment of J1 on F.Silkscreen
    @(39.3700 mm, -1.9050 mm): Segment of J0 on F.Silkscreen
[silk_overlap]: Silkscreen clearance
    Rule: board setup constraints silk; warning
    @(39.3700 mm, -3.1750 mm): Segment of J0 on F.Silkscreen
    @(39.3700 mm, -3.1750 mm): Segment of J1 on F.Silkscreen
[silk_overlap]: Silkscreen clearance
    Rule: board setup constraints silk; warning
    @(39.3700 mm, -3.1750 mm): Segment of J1 on F.Silkscreen
    @(39.3700 mm, -1.9050 mm): Segment of J0 on F.Silkscreen
[silk_overlap]: Silkscreen clearance
    Rule: board setup constraints silk; warning
    @(39.3700 mm, -3.1750 mm): Segment of J1 on F.Silkscreen
    @(39.3700 mm, -1.9050 mm): Segment of J0 on F.Silkscreen
[silk_over_copper]: Silkscreen clipped by solder mask
    Local override; warning
    @(41.5925 mm, -29.8450 mm): Reference field of RESET0
    @(40.0431 mm, -30.5562 mm): PTH pad 1 [GND] of RESET0
[silk_over_copper]: Silkscreen clipped by solder mask
    Local override; warning
    @(24.1300 mm, -12.7000 mm): Segment of SN754410 on F.Silkscreen
    @(22.8600 mm, -12.7000 mm): PTH pad 16 [5V] of SN754410
[silk_over_copper]: Silkscreen clipped by solder mask
    Local override; warning
    @(3.8100 mm, -13.3350 mm): Segment of SN754410 on F.Silkscreen
    @(5.0800 mm, -12.7000 mm): PTH pad 9 [8] of SN754410
[silk_over_copper]: Silkscreen clipped by solder mask
    Local override; warning
    @(4.4450 mm, -19.6850 mm): Segment of SN754410 on F.Silkscreen
    @(5.0800 mm, -20.3200 mm): PTH pad 8 [V_BATT] of SN754410
[silk_over_copper]: Silkscreen clipped by solder mask
    Local override; warning
    @(23.4950 mm, -19.6850 mm): Segment of SN754410 on F.Silkscreen
    @(22.8600 mm, -20.3200 mm): PTH pad 1 [7] of SN754410
[text_thickness]: Text thickness out of range (board setup constraints silk text thickness min thickness 0.0800 mm; actual 0.0488 mm)
    Rule: board setup constraints silk text thickness; warning
    @(3.1750 mm, -16.5100 mm): PCB text '4.5 - 36v' on F.Silkscreen
[text_height]: Text height out of range (board setup constraints silk text height min height 0.8000 mm; actual 0.5608 mm)
    Rule: board setup constraints silk text height; warning
    @(3.1750 mm, -16.5100 mm): PCB text '4.5 - 36v' on F.Silkscreen
[text_thickness]: Text thickness out of range (board setup constraints silk text thickness min thickness 0.0800 mm; actual 0.0488 mm)
    Rule: board setup constraints silk text thickness; warning
    @(47.3075 mm, -16.5100 mm): PCB text '4.5 - 5v' on F.Silkscreen
[text_height]: Text height out of range (board setup constraints silk text height min height 0.8000 mm; actual 0.5608 mm)
    Rule: board setup constraints silk text height; warning
    @(47.3075 mm, -16.5100 mm): PCB text '4.5 - 5v' on F.Silkscreen
[text_thickness]: Text thickness out of range (board setup constraints silk text thickness min thickness 0.0800 mm; actual 0.0650 mm)
    Rule: board setup constraints silk text thickness; warning
    @(10.1600 mm, -26.0350 mm): PCB text '10' on F.Silkscreen
[text_height]: Text height out of range (board setup constraints silk text height min height 0.8000 mm; actual 0.7478 mm)
    Rule: board setup constraints silk text height; warning
    @(10.1600 mm, -26.0350 mm): PCB text '10' on F.Silkscreen
[text_thickness]: Text thickness out of range (board setup constraints silk text thickness min thickness 0.0800 mm; actual 0.0650 mm)
    Rule: board setup constraints silk text thickness; warning
    @(10.1600 mm, -6.9850 mm): PCB text '2' on F.Silkscreen
[text_height]: Text height out of range (board setup constraints silk text height min height 0.8000 mm; actual 0.7478 mm)
    Rule: board setup constraints silk text height; warning
    @(10.1600 mm, -6.9850 mm): PCB text '2' on F.Silkscreen
[text_thickness]: Text thickness out of range (board setup constraints silk text thickness min thickness 0.0800 mm; actual 0.0650 mm)
    Rule: board setup constraints silk text thickness; warning
    @(12.7000 mm, -26.0350 mm): PCB text '7' on F.Silkscreen
[text_height]: Text height out of range (board setup constraints silk text height min height 0.8000 mm; actual 0.7478 mm)
    Rule: board setup constraints silk text height; warning
    @(12.7000 mm, -26.0350 mm): PCB text '7' on F.Silkscreen
[text_thickness]: Text thickness out of range (board setup constraints silk text thickness min thickness 0.0800 mm; actual 0.0650 mm)
    Rule: board setup constraints silk text thickness; warning
    @(12.7000 mm, -24.6062 mm): PCB text 'TO MOTOR' on F.Silkscreen
[text_height]: Text height out of range (board setup constraints silk text height min height 0.8000 mm; actual 0.7478 mm)
    Rule: board setup constraints silk text height; warning
    @(12.7000 mm, -24.6062 mm): PCB text 'TO MOTOR' on F.Silkscreen
[text_thickness]: Text thickness out of range (board setup constraints silk text thickness min thickness 0.0800 mm; actual 0.0650 mm)
    Rule: board setup constraints silk text thickness; warning
    @(12.7000 mm, -8.2550 mm): PCB text 'TO MOTOR' on F.Silkscreen
[text_height]: Text height out of range (board setup constraints silk text height min height 0.8000 mm; actual 0.7478 mm)
    Rule: board setup constraints silk text height; warning
    @(12.7000 mm, -8.2550 mm): PCB text 'TO MOTOR' on F.Silkscreen
[text_thickness]: Text thickness out of range (board setup constraints silk text thickness min thickness 0.0800 mm; actual 0.0650 mm)
    Rule: board setup constraints silk text thickness; warning
    @(12.7000 mm, -6.9850 mm): PCB text '8' on F.Silkscreen
[text_height]: Text height out of range (board setup constraints silk text height min height 0.8000 mm; actual 0.7478 mm)
    Rule: board setup constraints silk text height; warning
    @(12.7000 mm, -6.9850 mm): PCB text '8' on F.Silkscreen
[text_thickness]: Text thickness out of range (board setup constraints silk text thickness min thickness 0.0800 mm; actual 0.0650 mm)
    Rule: board setup constraints silk text thickness; warning
    @(15.2400 mm, -26.0350 mm): PCB text '9' on F.Silkscreen
[text_height]: Text height out of range (board setup constraints silk text height min height 0.8000 mm; actual 0.7478 mm)
    Rule: board setup constraints silk text height; warning
    @(15.2400 mm, -26.0350 mm): PCB text '9' on F.Silkscreen
[text_thickness]: Text thickness out of range (board setup constraints silk text thickness min thickness 0.0800 mm; actual 0.0650 mm)
    Rule: board setup constraints silk text thickness; warning
    @(15.2400 mm, -6.9850 mm): PCB text '3' on F.Silkscreen
[text_height]: Text height out of range (board setup constraints silk text height min height 0.8000 mm; actual 0.7478 mm)
    Rule: board setup constraints silk text height; warning
    @(15.2400 mm, -6.9850 mm): PCB text '3' on F.Silkscreen
[text_thickness]: Text thickness out of range (board setup constraints silk text thickness min thickness 0.0800 mm; actual 0.0650 mm)
    Rule: board setup constraints silk text thickness; warning
    @(19.0500 mm, -16.5100 mm): PCB text 'H-BRIDGE' on F.Silkscreen
[text_height]: Text height out of range (board setup constraints silk text height min height 0.8000 mm; actual 0.7478 mm)
    Rule: board setup constraints silk text height; warning
    @(19.0500 mm, -16.5100 mm): PCB text 'H-BRIDGE' on F.Silkscreen
[text_thickness]: Text thickness out of range (board setup constraints silk text thickness min thickness 0.0800 mm; actual 0.0650 mm)
    Rule: board setup constraints silk text thickness; warning
    @(22.8600 mm, -0.7937 mm): PCB text 'ICSP' on F.Silkscreen
[text_height]: Text height out of range (board setup constraints silk text height min height 0.8000 mm; actual 0.7478 mm)
    Rule: board setup constraints silk text height; warning
    @(22.8600 mm, -0.7937 mm): PCB text 'ICSP' on F.Silkscreen
[text_thickness]: Text thickness out of range (board setup constraints silk text thickness min thickness 0.0800 mm; actual 0.0650 mm)
    Rule: board setup constraints silk text thickness; warning
    @(30.4800 mm, -9.5250 mm): PCB text '6' on F.Silkscreen
[text_height]: Text height out of range (board setup constraints silk text height min height 0.8000 mm; actual 0.7478 mm)
    Rule: board setup constraints silk text height; warning
    @(30.4800 mm, -9.5250 mm): PCB text '6' on F.Silkscreen
[text_thickness]: Text thickness out of range (board setup constraints silk text thickness min thickness 0.0800 mm; actual 0.0650 mm)
    Rule: board setup constraints silk text thickness; warning
    @(33.0200 mm, -10.6363 mm): PCB text 'RJ12' on F.Silkscreen
[text_height]: Text height out of range (board setup constraints silk text height min height 0.8000 mm; actual 0.7478 mm)
    Rule: board setup constraints silk text height; warning
    @(33.0200 mm, -10.6363 mm): PCB text 'RJ12' on F.Silkscreen
[text_thickness]: Text thickness out of range (board setup constraints silk text thickness min thickness 0.0800 mm; actual 0.0650 mm)
    Rule: board setup constraints silk text thickness; warning
    @(33.0200 mm, -9.5250 mm): PCB text '5' on F.Silkscreen
[text_height]: Text height out of range (board setup constraints silk text height min height 0.8000 mm; actual 0.7478 mm)
    Rule: board setup constraints silk text height; warning
    @(33.0200 mm, -9.5250 mm): PCB text '5' on F.Silkscreen
[text_thickness]: Text thickness out of range (board setup constraints silk text thickness min thickness 0.0800 mm; actual 0.0650 mm)
    Rule: board setup constraints silk text thickness; warning
    @(35.5600 mm, -15.3987 mm): PCB text 'MICRO
CONTROLLER' on F.Silkscreen
[text_height]: Text height out of range (board setup constraints silk text height min height 0.8000 mm; actual 0.7478 mm)
    Rule: board setup constraints silk text height; warning
    @(35.5600 mm, -15.3987 mm): PCB text 'MICRO
CONTROLLER' on F.Silkscreen
[text_thickness]: Text thickness out of range (board setup constraints silk text thickness min thickness 0.0800 mm; actual 0.0650 mm)
    Rule: board setup constraints silk text thickness; warning
    @(35.5600 mm, -9.5250 mm): PCB text '4' on F.Silkscreen
[text_height]: Text height out of range (board setup constraints silk text height min height 0.8000 mm; actual 0.7478 mm)
    Rule: board setup constraints silk text height; warning
    @(35.5600 mm, -9.5250 mm): PCB text '4' on F.Silkscreen
[text_thickness]: Text thickness out of range (board setup constraints silk text thickness min thickness 0.0800 mm; actual 0.0650 mm)
    Rule: board setup constraints silk text thickness; warning
    @(38.1000 mm, -9.5250 mm): PCB text '1' on F.Silkscreen
[text_height]: Text height out of range (board setup constraints silk text height min height 0.8000 mm; actual 0.7478 mm)
    Rule: board setup constraints silk text height; warning
    @(38.1000 mm, -9.5250 mm): PCB text '1' on F.Silkscreen
[text_thickness]: Text thickness out of range (board setup constraints silk text thickness min thickness 0.0800 mm; actual 0.0650 mm)
    Rule: board setup constraints silk text thickness; warning
    @(40.6400 mm, -9.5250 mm): PCB text '0' on F.Silkscreen
[text_height]: Text height out of range (board setup constraints silk text height min height 0.8000 mm; actual 0.7478 mm)
    Rule: board setup constraints silk text height; warning
    @(40.6400 mm, -9.5250 mm): PCB text '0' on F.Silkscreen
[text_thickness]: Text thickness out of range (board setup constraints silk text thickness min thickness 0.0800 mm; actual 0.0650 mm)
    Rule: board setup constraints silk text thickness; warning
    @(1.5875 mm, -16.5100 mm): PCB text 'MOTOR
POWER' on F.Silkscreen
[text_height]: Text height out of range (board setup constraints silk text height min height 0.8000 mm; actual 0.7478 mm)
    Rule: board setup constraints silk text height; warning
    @(1.5875 mm, -16.5100 mm): PCB text 'MOTOR
POWER' on F.Silkscreen
[text_thickness]: Text thickness out of range (board setup constraints silk text thickness min thickness 0.0800 mm; actual 0.0650 mm)
    Rule: board setup constraints silk text thickness; warning
    @(12.7000 mm, -29.2100 mm): PCB text 'ENABLE' on F.Silkscreen
[text_height]: Text height out of range (board setup constraints silk text height min height 0.8000 mm; actual 0.7478 mm)
    Rule: board setup constraints silk text height; warning
    @(12.7000 mm, -29.2100 mm): PCB text 'ENABLE' on F.Silkscreen
[text_thickness]: Text thickness out of range (board setup constraints silk text thickness min thickness 0.0800 mm; actual 0.0650 mm)
    Rule: board setup constraints silk text thickness; warning
    @(12.7000 mm, -4.1275 mm): PCB text 'ENABLE' on F.Silkscreen
[text_height]: Text height out of range (board setup constraints silk text height min height 0.8000 mm; actual 0.7478 mm)
    Rule: board setup constraints silk text height; warning
    @(12.7000 mm, -4.1275 mm): PCB text 'ENABLE' on F.Silkscreen
[text_thickness]: Text thickness out of range (board setup constraints silk text thickness min thickness 0.0800 mm; actual 0.0650 mm)
    Rule: board setup constraints silk text thickness; warning
    @(49.2125 mm, -16.5100 mm): PCB text 'LOGIC
POWER' on F.Silkscreen
[text_height]: Text height out of range (board setup constraints silk text height min height 0.8000 mm; actual 0.7478 mm)
    Rule: board setup constraints silk text height; warning
    @(49.2125 mm, -16.5100 mm): PCB text 'LOGIC
POWER' on F.Silkscreen
[text_thickness]: Text thickness out of range (board setup constraints silk text thickness min thickness 0.0800 mm; actual 0.0650 mm)
    Rule: board setup constraints silk text thickness; warning
    @(22.8600 mm, -16.5100 mm): PCB text 'RJ12 and ICSP share 
pins 4,5,6 and Reset' on B.Silkscreen
[text_height]: Text height out of range (board setup constraints silk text height min height 0.8000 mm; actual 0.7478 mm)
    Rule: board setup constraints silk text height; warning
    @(22.8600 mm, -16.5100 mm): PCB text 'RJ12 and ICSP share 
pins 4,5,6 and Reset' on B.Silkscreen
[text_thickness]: Text thickness out of range (board setup constraints silk text thickness min thickness 0.0800 mm; actual 0.0488 mm)
    Rule: board setup constraints silk text thickness; warning
    @(20.3200 mm, -7.9375 mm): Footprint text of J5 (+V)
[text_height]: Text height out of range (board setup constraints silk text height min height 0.8000 mm; actual 0.5608 mm)
    Rule: board setup constraints silk text height; warning
    @(20.3200 mm, -7.9375 mm): Footprint text of J5 (+V)
[text_thickness]: Text thickness out of range (board setup constraints silk text thickness min thickness 0.0800 mm; actual 0.0488 mm)
    Rule: board setup constraints silk text thickness; warning
    @(20.3200 mm, -2.2225 mm): Footprint text of J5 (MISO)
[text_height]: Text height out of range (board setup constraints silk text height min height 0.8000 mm; actual 0.5608 mm)
    Rule: board setup constraints silk text height; warning
    @(20.3200 mm, -2.2225 mm): Footprint text of J5 (MISO)
[text_thickness]: Text thickness out of range (board setup constraints silk text thickness min thickness 0.0800 mm; actual 0.0488 mm)
    Rule: board setup constraints silk text thickness; warning
    @(22.8600 mm, -7.9375 mm): Footprint text of J5 (MOSI)
[text_height]: Text height out of range (board setup constraints silk text height min height 0.8000 mm; actual 0.5608 mm)
    Rule: board setup constraints silk text height; warning
    @(22.8600 mm, -7.9375 mm): Footprint text of J5 (MOSI)
[text_thickness]: Text thickness out of range (board setup constraints silk text thickness min thickness 0.0800 mm; actual 0.0488 mm)
    Rule: board setup constraints silk text thickness; warning
    @(22.8600 mm, -2.2225 mm): Footprint text of J5 (SCK)
[text_height]: Text height out of range (board setup constraints silk text height min height 0.8000 mm; actual 0.5608 mm)
    Rule: board setup constraints silk text height; warning
    @(22.8600 mm, -2.2225 mm): Footprint text of J5 (SCK)
[text_thickness]: Text thickness out of range (board setup constraints silk text thickness min thickness 0.0800 mm; actual 0.0488 mm)
    Rule: board setup constraints silk text thickness; warning
    @(25.4000 mm, -7.9375 mm): Footprint text of J5 (GND)
[text_height]: Text height out of range (board setup constraints silk text height min height 0.8000 mm; actual 0.5608 mm)
    Rule: board setup constraints silk text height; warning
    @(25.4000 mm, -7.9375 mm): Footprint text of J5 (GND)
[text_thickness]: Text thickness out of range (board setup constraints silk text thickness min thickness 0.0800 mm; actual 0.0488 mm)
    Rule: board setup constraints silk text thickness; warning
    @(25.4000 mm, -2.2225 mm): Footprint text of J5 (RST)
[text_height]: Text height out of range (board setup constraints silk text height min height 0.8000 mm; actual 0.5608 mm)
    Rule: board setup constraints silk text height; warning
    @(25.4000 mm, -2.2225 mm): Footprint text of J5 (RST)
[silk_edge_clearance]: Silkscreen clipped by board edge
    Rule: board setup constraints silk; warning
    @(46.9768 mm, -33.0200 mm): Segment on Edge.Cuts
    @(41.5925 mm, -29.8450 mm): Reference field of RESET0
[via_dangling]: Via is not connected or connected on only one layer
    Local override; warning
    @(16.5100 mm, -18.4150 mm): Via [GND] on F.Cu - B.Cu
[via_dangling]: Via is not connected or connected on only one layer
    Local override; warning
    @(25.4000 mm, -20.3200 mm): Via [GND] on F.Cu - B.Cu
[via_dangling]: Via is not connected or connected on only one layer
    Local override; warning
    @(11.4300 mm, -18.4150 mm): Via [GND] on F.Cu - B.Cu
[via_dangling]: Via is not connected or connected on only one layer
    Local override; warning
    @(7.6200 mm, -25.4000 mm): Via [GND] on F.Cu - B.Cu
[via_dangling]: Via is not connected or connected on only one layer
    Local override; warning
    @(19.0500 mm, -18.4150 mm): Via [GND] on F.Cu - B.Cu
[via_dangling]: Via is not connected or connected on only one layer
    Local override; warning
    @(16.5100 mm, -14.2875 mm): Via [GND] on F.Cu - B.Cu
[via_dangling]: Via is not connected or connected on only one layer
    Local override; warning
    @(13.9700 mm, -14.2875 mm): Via [GND] on F.Cu - B.Cu
[via_dangling]: Via is not connected or connected on only one layer
    Local override; warning
    @(20.3200 mm, -25.4000 mm): Via [GND] on F.Cu - B.Cu
[via_dangling]: Via is not connected or connected on only one layer
    Local override; warning
    @(27.9400 mm, -6.3500 mm): Via [GND] on F.Cu - B.Cu
[via_dangling]: Via is not connected or connected on only one layer
    Local override; warning
    @(11.4300 mm, -14.2875 mm): Via [GND] on F.Cu - B.Cu
[via_dangling]: Via is not connected or connected on only one layer
    Local override; warning
    @(25.4000 mm, -13.3350 mm): Via [GND] on F.Cu - B.Cu
[via_dangling]: Via is not connected or connected on only one layer
    Local override; warning
    @(13.9700 mm, -18.4150 mm): Via [GND] on F.Cu - B.Cu
[via_dangling]: Via is not connected or connected on only one layer
    Local override; warning
    @(30.4800 mm, -25.4000 mm): Via [GND] on F.Cu - B.Cu
[via_dangling]: Via is not connected or connected on only one layer
    Local override; warning
    @(7.6200 mm, -7.6200 mm): Via [GND] on F.Cu - B.Cu
[via_dangling]: Via is not connected or connected on only one layer
    Local override; warning
    @(19.0500 mm, -14.2875 mm): Via [GND] on F.Cu - B.Cu

** Found 31 unconnected pads **
[unconnected_items]: Missing connection between items
    Local override; error
    @(2.5400 mm, -10.1600 mm): PTH pad P$1 [GND] of U$8
    @(7.6200 mm, -7.6200 mm): Via [GND] on F.Cu - B.Cu
[unconnected_items]: Missing connection between items
    Local override; error
    @(7.6200 mm, -25.4000 mm): Via [GND] on F.Cu - B.Cu
    @(12.7000 mm, -20.3200 mm): PTH pad 5 [GND] of SN754410
[unconnected_items]: Missing connection between items
    Local override; error
    @(7.6200 mm, -7.6200 mm): Via [GND] on F.Cu - B.Cu
    @(12.7000 mm, -12.7000 mm): PTH pad 12 [GND] of SN754410
[unconnected_items]: Missing connection between items
    Local override; error
    @(11.4300 mm, -18.4150 mm): Via [GND] on F.Cu - B.Cu
    @(12.7000 mm, -20.3200 mm): PTH pad 5 [GND] of SN754410
[unconnected_items]: Missing connection between items
    Local override; error
    @(12.7000 mm, -20.3200 mm): PTH pad 5 [GND] of SN754410
    @(13.9700 mm, -18.4150 mm): Via [GND] on F.Cu - B.Cu
[unconnected_items]: Missing connection between items
    Local override; error
    @(12.7000 mm, -12.7000 mm): PTH pad 12 [GND] of SN754410
    @(11.4300 mm, -14.2875 mm): Via [GND] on F.Cu - B.Cu
[unconnected_items]: Missing connection between items
    Local override; error
    @(12.7000 mm, -12.7000 mm): PTH pad 12 [GND] of SN754410
    @(13.9700 mm, -14.2875 mm): Via [GND] on F.Cu - B.Cu
[unconnected_items]: Missing connection between items
    Local override; error
    @(13.9700 mm, -14.2875 mm): Via [GND] on F.Cu - B.Cu
    @(15.2400 mm, -12.7000 mm): PTH pad 13 [GND] of SN754410
[unconnected_items]: Missing connection between items
    Local override; error
    @(15.2400 mm, -20.3200 mm): PTH pad 4 [GND] of SN754410
    @(13.9700 mm, -18.4150 mm): Via [GND] on F.Cu - B.Cu
[unconnected_items]: Missing connection between items
    Local override; error
    @(15.2400 mm, -12.7000 mm): PTH pad 13 [GND] of SN754410
    @(16.5100 mm, -14.2875 mm): Via [GND] on F.Cu - B.Cu
[unconnected_items]: Missing connection between items
    Local override; error
    @(16.5100 mm, -18.4150 mm): Via [GND] on F.Cu - B.Cu
    @(15.2400 mm, -20.3200 mm): PTH pad 4 [GND] of SN754410
[unconnected_items]: Missing connection between items
    Local override; error
    @(16.5100 mm, -18.4150 mm): Via [GND] on F.Cu - B.Cu
    @(19.0500 mm, -18.4150 mm): Via [GND] on F.Cu - B.Cu
[unconnected_items]: Missing connection between items
    Local override; error
    @(16.5100 mm, -14.2875 mm): Via [GND] on F.Cu - B.Cu
    @(19.0500 mm, -14.2875 mm): Via [GND] on F.Cu - B.Cu
[unconnected_items]: Missing connection between items
    Local override; error
    @(19.0500 mm, -18.4150 mm): Via [GND] on F.Cu - B.Cu
    @(19.0500 mm, -14.2875 mm): Via [GND] on F.Cu - B.Cu
[unconnected_items]: Missing connection between items
    Local override; error
    @(19.0500 mm, -14.2875 mm): Via [GND] on F.Cu - B.Cu
    @(25.4000 mm, -13.3350 mm): Via [GND] on F.Cu - B.Cu
[unconnected_items]: Missing connection between items
    Local override; error
    @(20.3200 mm, -25.4000 mm): Via [GND] on F.Cu - B.Cu
    @(23.8700 mm, -27.6225 mm): PTH pad 2 [GND] of U$7
[unconnected_items]: Missing connection between items
    Local override; error
    @(20.3200 mm, -25.4000 mm): Via [GND] on F.Cu - B.Cu
    @(19.0500 mm, -18.4150 mm): Via [GND] on F.Cu - B.Cu
[unconnected_items]: Missing connection between items
    Local override; error
    @(25.4000 mm, -20.3200 mm): Via [GND] on F.Cu - B.Cu
    @(19.0500 mm, -18.4150 mm): Via [GND] on F.Cu - B.Cu
[unconnected_items]: Missing connection between items
    Local override; error
    @(25.4000 mm, -20.3200 mm): Via [GND] on F.Cu - B.Cu
    @(30.4800 mm, -25.4000 mm): Via [GND] on F.Cu - B.Cu
[unconnected_items]: Missing connection between items
    Local override; error
    @(25.4000 mm, -13.3350 mm): Via [GND] on F.Cu - B.Cu
    @(25.4000 mm, -6.3500 mm): PTH pad 6 [GND] of J5
[unconnected_items]: Missing connection between items
    Local override; error
    @(27.9400 mm, -6.3500 mm): Via [GND] on F.Cu - B.Cu
    @(25.4000 mm, -6.3500 mm): PTH pad 6 [GND] of J5
[unconnected_items]: Missing connection between items
    Local override; error
    @(27.9400 mm, -6.3500 mm): Via [GND] on F.Cu - B.Cu
    @(30.4800 mm, -2.5400 mm): PTH pad 1 [GND] of J4
[unconnected_items]: Missing connection between items
    Local override; error
    @(30.4800 mm, -25.4000 mm): Via [GND] on F.Cu - B.Cu
    @(40.0431 mm, -24.0538 mm): PTH pad 2 [GND] of RESET0
[unconnected_items]: Missing connection between items
    Local override; error
    @(30.4800 mm, -2.5400 mm): PTH pad 1 [GND] of J4
    @(33.0200 mm, -2.5400 mm): PTH pad 1 [GND] of J3
[unconnected_items]: Missing connection between items
    Local override; error
    @(33.0200 mm, -2.5400 mm): PTH pad 1 [GND] of J3
    @(35.5600 mm, -2.5400 mm): PTH pad 1 [GND] of J2
[unconnected_items]: Missing connection between items
    Local override; error
    @(35.5600 mm, -2.5400 mm): PTH pad 1 [GND] of J2
    @(38.1000 mm, -2.5400 mm): PTH pad 1 [GND] of J1
[unconnected_items]: Missing connection between items
    Local override; error
    @(38.1000 mm, -2.5400 mm): PTH pad 1 [GND] of J1
    @(40.6400 mm, -2.5400 mm): PTH pad 1 [GND] of J0
[unconnected_items]: Missing connection between items
    Local override; error
    @(40.0431 mm, -30.5562 mm): PTH pad 1 [GND] of RESET0
    @(40.0431 mm, -24.0538 mm): PTH pad 2 [GND] of RESET0
[unconnected_items]: Missing connection between items
    Local override; error
    @(43.1800 mm, -12.7000 mm): PTH pad 14 [GND] of U$2
    @(40.6400 mm, -2.5400 mm): PTH pad 1 [GND] of J0
[unconnected_items]: Missing connection between items
    Local override; error
    @(45.7200 mm, -15.2400 mm): PTH pad 2 [GND] of C2
    @(43.1800 mm, -12.7000 mm): PTH pad 14 [GND] of U$2
[unconnected_items]: Missing connection between items
    Local override; error
    @(48.2600 mm, -10.1600 mm): PTH pad P$1 [GND] of U$9
    @(43.1800 mm, -12.7000 mm): PTH pad 14 [GND] of U$2

** Found 0 Footprint errors **

** Ignored checks **
    - Footprint has no courtyard defined
    - Track endpoint not centered on via
    - Tuning profile track geometries
    - Footprint doesn't match symbol's footprint filters
    - Footprint component type doesn't match footprint pads

** End of Report **
